TN:
SF:src/middleware/errorHandler.ts
FN:5,errorHandler
FNF:1
FNH:0
FNDA:0,errorHandler
DA:11,0
DA:13,0
DA:18,0
LF:3
LH:0
BRDA:14,0,0,0
BRDA:14,0,1,0
BRF:2
BRH:0
end_of_record
TN:
SF:src/middleware/logger.ts
FN:19,logger
FNF:1
FNH:1
FNDA:105,logger
DA:4,4
DA:20,105
DA:21,105
LF:3
LH:3
BRF:0
BRH:0
end_of_record
TN:
SF:src/routes/routes.ts
FN:9,(anonymous_0)
FNF:1
FNH:1
FNDA:20,(anonymous_0)
DA:5,3
DA:6,3
DA:9,3
DA:10,20
DA:11,20
DA:12,20
DA:16,0
LF:7
LH:6
BRF:0
BRH:0
end_of_record
TN:
SF:src/routes/stops.ts
FN:16,(anonymous_0)
FN:28,(anonymous_1)
FN:46,(anonymous_2)
FNF:3
FNH:3
FNDA:21,(anonymous_0)
FNDA:4338,(anonymous_1)
FNDA:21,(anonymous_2)
DA:12,3
DA:13,3
DA:16,3
DA:17,21
DA:18,21
DA:20,21
DA:21,3
DA:27,18
DA:28,18
DA:29,4338
DA:32,18
DA:34,18
DA:38,0
DA:46,3
DA:47,21
DA:48,21
DA:49,21
DA:51,21
DA:58,20
DA:64,1
LF:20
LH:19
BRDA:20,0,0,3
BRDA:20,0,1,18
BRDA:20,1,0,21
BRDA:20,1,1,19
BRDA:49,2,0,8
BRDA:53,3,0,16
BRDA:53,3,1,5
BRF:7
BRH:7
end_of_record
TN:
SF:src/services/gtfsService.ts
FN:44,(anonymous_0)
FN:50,(anonymous_1)
FN:57,(anonymous_2)
FN:83,(anonymous_3)
FN:95,(anonymous_4)
FN:103,(anonymous_5)
FN:111,(anonymous_6)
FN:121,(anonymous_7)
FN:130,(anonymous_8)
FN:144,(anonymous_9)
FN:148,(anonymous_10)
FN:149,(anonymous_11)
FN:150,(anonymous_12)
FN:174,(anonymous_13)
FN:181,(anonymous_14)
FN:182,(anonymous_15)
FN:184,(anonymous_16)
FN:192,(anonymous_17)
FN:203,(anonymous_18)
FN:219,(anonymous_19)
FN:222,(anonymous_20)
FN:244,(anonymous_21)
FN:251,(anonymous_22)
FN:258,(anonymous_23)
FN:264,(anonymous_24)
FN:265,(anonymous_25)
FN:273,(anonymous_26)
FN:289,(anonymous_27)
FN:290,(anonymous_28)
FN:295,(anonymous_29)
FN:296,(anonymous_30)
FN:302,(anonymous_31)
FN:309,(anonymous_32)
FN:312,(anonymous_33)
FN:317,(anonymous_34)
FN:317,(anonymous_35)
FN:318,(anonymous_36)
FNF:37
FNH:36
FNDA:4,(anonymous_0)
FNDA:11,(anonymous_1)
FNDA:0,(anonymous_2)
FNDA:4,(anonymous_3)
FNDA:16811,(anonymous_4)
FNDA:308307,(anonymous_5)
FNDA:44,(anonymous_6)
FNDA:964,(anonymous_7)
FNDA:84,(anonymous_8)
FNDA:964,(anonymous_9)
FNDA:16811,(anonymous_10)
FNDA:1296020235,(anonymous_11)
FNDA:308307,(anonymous_12)
FNDA:20,(anonymous_13)
FNDA:326230,(anonymous_14)
FNDA:326210,(anonymous_15)
FNDA:3518002,(anonymous_16)
FNDA:97,(anonymous_17)
FNDA:1216,(anonymous_18)
FNDA:37596,(anonymous_19)
FNDA:350941,(anonymous_20)
FNDA:30,(anonymous_21)
FNDA:6007,(anonymous_22)
FNDA:2178008,(anonymous_23)
FNDA:37596,(anonymous_24)
FNDA:38091854,(anonymous_25)
FNDA:1328,(anonymous_26)
FNDA:37596,(anonymous_27)
FNDA:608,(anonymous_28)
FNDA:304,(anonymous_29)
FNDA:424,(anonymous_30)
FNDA:4,(anonymous_31)
FNDA:9,(anonymous_32)
FNDA:9,(anonymous_33)
FNDA:3,(anonymous_34)
FNDA:33,(anonymous_35)
FNDA:3,(anonymous_36)
DA:9,4
DA:10,4
DA:36,4
DA:37,4
DA:38,4
DA:39,4
DA:40,4
DA:41,4
DA:42,4
DA:45,4
DA:46,0
DA:51,11
DA:52,4
DA:54,11
DA:58,0
DA:59,0
DA:60,0
DA:61,0
DA:62,0
DA:65,0
DA:66,0
DA:67,0
DA:69,0
DA:78,0
DA:79,0
DA:84,4
DA:85,4
DA:86,0
DA:87,0
DA:90,4
DA:91,4
DA:92,0
DA:95,16811
DA:103,308307
DA:111,44
DA:121,964
DA:130,84
DA:144,964
DA:147,4
DA:148,4
DA:149,1296020235
DA:150,16811
DA:151,308307
DA:152,308307
DA:153,308307
DA:157,4
DA:166,4
DA:167,4
DA:169,0
DA:170,0
DA:175,20
DA:176,20
DA:177,20
DA:178,20
DA:180,20
DA:181,326230
DA:183,326210
DA:184,326210
DA:185,3518002
DA:186,3518002
DA:188,326210
DA:193,97
DA:194,1
DA:196,97
DA:197,0
DA:199,97
DA:204,1216
DA:205,1216
DA:208,1216
DA:209,64
DA:210,64
DA:212,1152
DA:215,1216
DA:220,37596
DA:222,350941
DA:223,37596
DA:225,37596
DA:229,37596
DA:237,37596
DA:240,13977
DA:241,13977
DA:250,30
DA:251,6007
DA:253,30
DA:254,2
DA:258,2178008
DA:260,28
DA:263,28
DA:265,38091854
DA:266,37596
DA:269,37596
DA:270,36988
DA:273,1328
DA:274,608
DA:276,608
DA:277,0
DA:280,608
DA:289,37596
DA:293,608
DA:295,304
DA:296,424
DA:299,28
DA:303,4
DA:304,0
DA:307,4
DA:309,4
DA:310,9
DA:311,9
DA:312,9
DA:316,4
DA:317,33
DA:318,3
LF:112
LH:92
BRDA:45,0,0,0
BRDA:45,0,1,4
BRDA:51,1,0,4
BRDA:51,1,1,7
BRDA:61,2,0,0
BRDA:61,2,1,0
BRDA:85,3,0,0
BRDA:85,3,1,4
BRDA:85,4,0,4
BRDA:85,4,1,0
BRDA:85,4,2,0
BRDA:91,5,0,0
BRDA:91,5,1,4
BRDA:151,6,0,308307
BRDA:151,6,1,955
BRDA:185,7,0,3518002
BRDA:185,7,1,17819
BRDA:193,8,0,1
BRDA:193,8,1,96
BRDA:196,9,0,0
BRDA:196,9,1,97
BRDA:208,10,0,64
BRDA:208,10,1,1152
BRDA:210,11,0,64
BRDA:210,11,1,64
BRDA:212,12,0,1152
BRDA:212,12,1,1152
BRDA:220,13,0,0
BRDA:220,13,1,37596
BRDA:223,14,0,0
BRDA:223,14,1,37596
BRDA:229,15,0,37596
BRDA:229,15,1,26014
BRDA:229,15,2,29736
BRDA:229,15,3,7052
BRDA:229,15,4,25036
BRDA:229,15,5,0
BRDA:229,15,6,25036
BRDA:229,15,7,0
BRDA:229,15,8,25036
BRDA:229,15,9,0
BRDA:229,15,10,25036
BRDA:229,15,11,1510
BRDA:229,15,12,24024
BRDA:229,15,13,1510
BRDA:237,16,0,23619
BRDA:237,16,1,13977
BRDA:241,17,0,13977
BRDA:241,17,1,608
BRDA:247,18,0,0
BRDA:253,19,0,2
BRDA:253,19,1,28
BRDA:266,20,0,0
BRDA:266,20,1,37596
BRDA:269,21,0,36988
BRDA:269,21,1,608
BRDA:274,22,0,0
BRDA:274,22,1,608
BRDA:276,23,0,0
BRDA:276,23,1,608
BRDA:276,24,0,608
BRDA:276,24,1,0
BRDA:285,25,0,304
BRDA:285,25,1,304
BRDA:303,26,0,0
BRDA:303,26,1,4
BRDA:311,27,0,9
BRDA:311,27,1,0
BRF:68
BRH:48
end_of_record
